                                 Started job on |	May 20 22:10:18
                             Started mapping on |	May 20 22:10:19
                                    Finished on |	May 20 22:14:04
       Mapping speed, Million of reads per hour |	173.86

                          Number of input reads |	10866054
                      Average input read length |	189
                                    UNIQUE READS:
                   Uniquely mapped reads number |	8714384
                        Uniquely mapped reads % |	80.20%
                          Average mapped length |	189.30
                       Number of splices: Total |	252880
            Number of splices: Annotated (sjdb) |	233437
                       Number of splices: GT/AG |	246386
                       Number of splices: GC/AG |	450
                       Number of splices: AT/AC |	64
               Number of splices: Non-canonical |	5980
                      Mismatch rate per base, % |	0.30%
                         Deletion rate per base |	0.01%
                        Deletion average length |	1.34
                        Insertion rate per base |	0.01%
                       Insertion average length |	1.12
                             MULTI-MAPPING READS:
        Number of reads mapped to multiple loci |	401732
             % of reads mapped to multiple loci |	3.70%
        Number of reads mapped to too many loci |	44934
             % of reads mapped to too many loci |	0.41%
                                  UNMAPPED READS:
  Number of reads unmapped: too many mismatches |	0
       % of reads unmapped: too many mismatches |	0.00%
            Number of reads unmapped: too short |	1704259
                 % of reads unmapped: too short |	15.68%
                Number of reads unmapped: other |	745
                     % of reads unmapped: other |	0.01%
                                  CHIMERIC READS:
                       Number of chimeric reads |	0
                            % of chimeric reads |	0.00%
