                                 Started job on |	May 20 22:22:56
                             Started mapping on |	May 20 22:22:56
                                    Finished on |	May 20 22:26:18
       Mapping speed, Million of reads per hour |	176.77

                          Number of input reads |	9918746
                      Average input read length |	189
                                    UNIQUE READS:
                   Uniquely mapped reads number |	8005670
                        Uniquely mapped reads % |	80.71%
                          Average mapped length |	189.27
                       Number of splices: Total |	165076
            Number of splices: Annotated (sjdb) |	148551
                       Number of splices: GT/AG |	158895
                       Number of splices: GC/AG |	390
                       Number of splices: AT/AC |	69
               Number of splices: Non-canonical |	5722
                      Mismatch rate per base, % |	0.31%
                         Deletion rate per base |	0.01%
                        Deletion average length |	1.32
                        Insertion rate per base |	0.01%
                       Insertion average length |	1.12
                             MULTI-MAPPING READS:
        Number of reads mapped to multiple loci |	331457
             % of reads mapped to multiple loci |	3.34%
        Number of reads mapped to too many loci |	47722
             % of reads mapped to too many loci |	0.48%
                                  UNMAPPED READS:
  Number of reads unmapped: too many mismatches |	0
       % of reads unmapped: too many mismatches |	0.00%
            Number of reads unmapped: too short |	1532693
                 % of reads unmapped: too short |	15.45%
                Number of reads unmapped: other |	1204
                     % of reads unmapped: other |	0.01%
                                  CHIMERIC READS:
                       Number of chimeric reads |	0
                            % of chimeric reads |	0.00%
