                                 Started job on |	May 20 22:07:03
                             Started mapping on |	May 20 22:07:03
                                    Finished on |	May 20 22:10:18
       Mapping speed, Million of reads per hour |	184.56

                          Number of input reads |	9996936
                      Average input read length |	189
                                    UNIQUE READS:
                   Uniquely mapped reads number |	8211216
                        Uniquely mapped reads % |	82.14%
                          Average mapped length |	189.47
                       Number of splices: Total |	266406
            Number of splices: Annotated (sjdb) |	249446
                       Number of splices: GT/AG |	261622
                       Number of splices: GC/AG |	342
                       Number of splices: AT/AC |	62
               Number of splices: Non-canonical |	4380
                      Mismatch rate per base, % |	0.29%
                         Deletion rate per base |	0.01%
                        Deletion average length |	1.36
                        Insertion rate per base |	0.01%
                       Insertion average length |	1.12
                             MULTI-MAPPING READS:
        Number of reads mapped to multiple loci |	628895
             % of reads mapped to multiple loci |	6.29%
        Number of reads mapped to too many loci |	42804
             % of reads mapped to too many loci |	0.43%
                                  UNMAPPED READS:
  Number of reads unmapped: too many mismatches |	0
       % of reads unmapped: too many mismatches |	0.00%
            Number of reads unmapped: too short |	1113532
                 % of reads unmapped: too short |	11.14%
                Number of reads unmapped: other |	489
                     % of reads unmapped: other |	0.00%
                                  CHIMERIC READS:
                       Number of chimeric reads |	0
                            % of chimeric reads |	0.00%
