                                 Started job on |	May 20 22:19:37
                             Started mapping on |	May 20 22:19:38
                                    Finished on |	May 20 22:22:56
       Mapping speed, Million of reads per hour |	180.91

                          Number of input reads |	9950230
                      Average input read length |	189
                                    UNIQUE READS:
                   Uniquely mapped reads number |	8034434
                        Uniquely mapped reads % |	80.75%
                          Average mapped length |	189.31
                       Number of splices: Total |	176683
            Number of splices: Annotated (sjdb) |	159236
                       Number of splices: GT/AG |	170962
                       Number of splices: GC/AG |	361
                       Number of splices: AT/AC |	44
               Number of splices: Non-canonical |	5316
                      Mismatch rate per base, % |	0.30%
                         Deletion rate per base |	0.01%
                        Deletion average length |	1.35
                        Insertion rate per base |	0.00%
                       Insertion average length |	1.09
                             MULTI-MAPPING READS:
        Number of reads mapped to multiple loci |	329179
             % of reads mapped to multiple loci |	3.31%
        Number of reads mapped to too many loci |	46275
             % of reads mapped to too many loci |	0.47%
                                  UNMAPPED READS:
  Number of reads unmapped: too many mismatches |	0
       % of reads unmapped: too many mismatches |	0.00%
            Number of reads unmapped: too short |	1539699
                 % of reads unmapped: too short |	15.47%
                Number of reads unmapped: other |	643
                     % of reads unmapped: other |	0.01%
                                  CHIMERIC READS:
                       Number of chimeric reads |	0
                            % of chimeric reads |	0.00%
